<?xml version="1.0" encoding="utf-8"?><testsuites><testsuite errors="0" failures="0" hostname="al-tests-0" name="pytest" skipped="0" tests="13" time="333.154" timestamp="2022-10-14T20:49:43.933050"><testcase classname="tests.full_tests" name="test_al_ner_transformers" time="17.516" /><testcase classname="tests.full_tests" name="test_full_ner_transformers" time="9.695" /><testcase classname="tests.full_tests" name="test_al_cls_transformers" time="14.543" /><testcase classname="tests.full_tests" name="test_full_cls_transformers" time="20.512" /><testcase classname="tests.full_tests" name="test_al_ner_plasm_transformers" time="6.522" /><testcase classname="tests.full_tests" name="test_al_cls_plasm_transformers" time="9.661" /><testcase classname="tests.full_tests" name="test_al_ner_flair" time="0.233" /><testcase classname="tests.full_tests" name="test_al_ats" time="62.262" /><testcase classname="tests.full_tests" name="test_full_ats" time="91.881" /><testcase classname="tests.full_tests" name="test_domain_adaptation_ner" time="21.810" /><testcase classname="tests.full_tests" name="test_domain_adaptation_cls" time="25.094" /><testcase classname="tests.full_tests" name="test_distillation" time="38.681" /><testcase classname="tests.full_tests" name="test_final" time="0.194" /></testsuite></testsuites>